<?xml version="1.0" encoding="UTF-8"?>
<testsuite xmlns:xsi="http://www.w3.org/2001/XMLSchema-instance" xsi:noNamespaceSchemaLocation="https://maven.apache.org/surefire/maven-surefire-plugin/xsd/surefire-test-report.xsd" name="com.db.trade.TradeStoreUnitTests" time="0.458" tests="13" errors="0" skipped="0" failures="0">
  <properties>
[...]
</properties>
  <testcase name="higherVersionReceivedTest" classname="com.db.trade.TradeStoreUnitTests" time="0.03"/>
  <testcase name="lowerVersionExceptionTest" classname="com.db.trade.TradeStoreUnitTests" time="0.02"/>
  <testcase name="getExpiredTest" classname="com.db.trade.TradeStoreUnitTests" time="0.021"/>
  <testcase name="isTradeValidTest" classname="com.db.trade.TradeStoreUnitTests" time="0.019"/>
  <testcase name="sameVersionReceivedTest" classname="com.db.trade.TradeStoreUnitTests" time="0.031"/>
  <testcase name="addTradeTest" classname="com.db.trade.TradeStoreUnitTests" time="0.031"/>
  <testcase name="maturityDateTest" classname="com.db.trade.TradeStoreUnitTests" time="0.02"/>
  <testcase name="getCountTest" classname="com.db.trade.TradeStoreUnitTests" time="0.021"/>
  <testcase name="getCounterPartyIDTest" classname="com.db.trade.TradeStoreUnitTests" time="0.024"/>
  <testcase name="isMaturityDateCrossedTest" classname="com.db.trade.TradeStoreUnitTests" time="0.021"/>
  <testcase name="getBookIDTest" classname="com.db.trade.TradeStoreUnitTests" time="0.025"/>
  <testcase name="setExpiredTest" classname="com.db.trade.TradeStoreUnitTests" time="0.025"/>
  <testcase name="getCreatedDateTest" classname="com.db.trade.TradeStoreUnitTests" time="0.023"/>
</testsuite>